2023-06-01 10:42:38 [main] INFO  o.s.t.c.s.AnnotationConfigContextLoaderUtils - Could not detect default configuration classes for test class [com.microservices.demo.twitter.to.kafka.service.TwitterToKafkaServiceTests]: TwitterToKafkaServiceTests does not declare any static, non-private, non-final, nested classes annotated with @Configuration.
2023-06-01 10:42:38 [main] INFO  o.s.b.t.c.SpringBootTestContextBootstrapper - Found @SpringBootConfiguration com.microservices.demo.twitter.to.kafka.service.TwitterToKafkaServiceApplication for test class com.microservices.demo.twitter.to.kafka.service.TwitterToKafkaServiceTests
2023-06-01 10:42:39 [main] INFO  c.m.d.t.t.k.s.TwitterToKafkaServiceTests - Starting TwitterToKafkaServiceTests using Java 17.0.3.1 with PID 75377 (started by pablo-jdk in /media/pablo-jdk/Diisco Datos/DOCUMENTOS/java/spring microservice/microservices-demo/twitter-to-kafka-service)
2023-06-01 10:42:39 [main] INFO  c.m.d.t.t.k.s.TwitterToKafkaServiceTests - No active profile set, falling back to 1 default profile: "default"
2023-06-01 10:42:40 [main] INFO  c.m.d.t.t.k.s.TwitterToKafkaServiceTests - Started TwitterToKafkaServiceTests in 1.597 seconds (process running for 4.604)
2023-06-01 10:42:40 [main] INFO  c.m.d.t.t.k.s.TwitterToKafkaServiceApplication - Apps Starts....
2023-06-01 10:42:40 [main] INFO  c.m.d.t.t.k.s.TwitterToKafkaServiceApplication - [-Java -Microservices -Spring -Kafka -Elasticsearch]
2023-06-01 10:54:12 [main] INFO  o.s.t.c.s.AnnotationConfigContextLoaderUtils - Could not detect default configuration classes for test class [com.microservices.demo.twitter.to.kafka.service.TwitterToKafkaServiceTests]: TwitterToKafkaServiceTests does not declare any static, non-private, non-final, nested classes annotated with @Configuration.
2023-06-01 10:54:12 [main] INFO  o.s.b.t.c.SpringBootTestContextBootstrapper - Found @SpringBootConfiguration com.microservices.demo.twitter.to.kafka.service.TwitterToKafkaServiceApplication for test class com.microservices.demo.twitter.to.kafka.service.TwitterToKafkaServiceTests
2023-06-01 10:54:13 [main] INFO  c.m.d.t.t.k.s.TwitterToKafkaServiceTests - Starting TwitterToKafkaServiceTests using Java 17.0.3.1 with PID 76530 (started by pablo-jdk in /media/pablo-jdk/Diisco Datos/DOCUMENTOS/java/spring microservice/microservices-demo/twitter-to-kafka-service)
2023-06-01 10:54:13 [main] INFO  c.m.d.t.t.k.s.TwitterToKafkaServiceTests - No active profile set, falling back to 1 default profile: "default"
2023-06-01 10:54:15 [main] INFO  c.m.d.t.t.k.s.TwitterToKafkaServiceTests - Started TwitterToKafkaServiceTests in 1.774 seconds (process running for 3.954)
2023-06-01 10:54:15 [main] INFO  c.m.d.t.t.k.s.TwitterToKafkaServiceApplication - Apps Starts....
2023-06-01 10:54:15 [main] INFO  c.m.d.t.t.k.s.TwitterToKafkaServiceApplication - [-Java -Microservices -Spring -Kafka -Elasticsearch]
2023-06-01 23:55:38 [main] INFO  o.s.t.c.s.AnnotationConfigContextLoaderUtils - Could not detect default configuration classes for test class [com.microservices.demo.twitter.to.kafka.service.TwitterToKafkaServiceTests]: TwitterToKafkaServiceTests does not declare any static, non-private, non-final, nested classes annotated with @Configuration.
2023-06-01 23:55:39 [main] INFO  o.s.b.t.c.SpringBootTestContextBootstrapper - Found @SpringBootConfiguration com.microservices.demo.twitter.to.kafka.service.TwitterToKafkaServiceApplication for test class com.microservices.demo.twitter.to.kafka.service.TwitterToKafkaServiceTests
2023-06-01 23:55:40 [main] INFO  c.m.d.t.t.k.s.TwitterToKafkaServiceTests - Starting TwitterToKafkaServiceTests using Java 17.0.3.1 with PID 32603 (started by pablo-jdk in /media/pablo-jdk/Diisco Datos/DOCUMENTOS/java/spring microservice/microservices-demo/twitter-to-kafka-service)
2023-06-01 23:55:40 [main] INFO  c.m.d.t.t.k.s.TwitterToKafkaServiceTests - No active profile set, falling back to 1 default profile: "default"
2023-06-01 23:55:41 [main] INFO  c.m.d.t.t.k.s.TwitterToKafkaServiceTests - Started TwitterToKafkaServiceTests in 1.616 seconds (process running for 3.775)
2023-06-01 23:55:41 [main] INFO  c.m.d.t.t.k.s.TwitterToKafkaServiceApplication - Apps Starts....
2023-06-01 23:55:41 [main] INFO  c.m.d.t.t.k.s.TwitterToKafkaServiceApplication - [-Java -Microservices -Spring -Kafka -Elasticsearch]
2023-06-01 23:55:41 [main] INFO  c.m.d.t.t.k.s.TwitterToKafkaServiceApplication - Mensaje de Bienvenida
2023-06-01 23:55:41 [Twitter Stream consumer /  [1][initializing]] INFO  twitter4j.TwitterStreamImpl - Establishing connection.
2023-06-01 23:55:41 [main] INFO  c.m.d.t.t.k.s.r.i.TwitterKafkaStreamRunner - Started filtering twitter stream for keyword [-Java -Microservices -Spring -Kafka -Elasticsearch]
2023-06-01 23:55:42 [Twitter Stream consumer /  [1][Establishing connection]] INFO  twitter4j.TwitterStreamImpl - https://stream.twitter.com/1.1/statuses/filter.json
2023-06-01 23:55:42 [Twitter Stream consumer /  [1][Establishing connection]] INFO  twitter4j.TwitterStreamImpl - Waiting for 250 milliseconds
2023-06-01 23:55:42 [Twitter Stream consumer /  [1][Waiting for 250 milliseconds]] INFO  twitter4j.TwitterStreamImpl - Establishing connection.
2023-06-01 23:55:42 [SpringApplicationShutdownHook] INFO  c.m.d.t.t.k.s.r.i.TwitterKafkaStreamRunner - Closing twitter stream
